# JRE version: Java(TM) SE Runtime Environment 18.9 (11.0.18+9) (build 11.0.18+9-LTS-195)
# Java VM: Java HotSpot(TM) 64-Bit Server VM 18.9 (11.0.18+9-LTS-195, mixed mode, tiered, compressed oops, g1 gc, windows-amd64)
Heap:
 garbage-first heap   total 78848K, used 16184K [0x00000000c0000000, 0x0000000100000000)
  region size 1024K, 2 young (2048K), 2 survivors (2048K)
 Metaspace       used 34508K, capacity 35762K, committed 35840K, reserved 1081344K
  class space    used 4338K, capacity 4837K, committed 4864K, reserved 1048576K
GC Heap History (10 events):
Event: 8.695 GC heap after
{Heap after GC invocations=8 (full 0):
 garbage-first heap   total 65536K, used 10128K [0x00000000c0000000, 0x0000000100000000)
  region size 1024K, 3 young (3072K), 3 survivors (3072K)
 Metaspace       used 24004K, capacity 24750K, committed 24960K, reserved 1071104K
  class space    used 2863K, capacity 3192K, committed 3200K, reserved 1048576K
}
Event: 9.663 GC heap before
{Heap before GC invocations=8 (full 0):
 garbage-first heap   total 65536K, used 40848K [0x00000000c0000000, 0x0000000100000000)
  region size 1024K, 33 young (33792K), 3 survivors (3072K)
 Metaspace       used 24862K, capacity 25661K, committed 25984K, reserved 1071104K
  class space    used 3002K, capacity 3368K, committed 3456K, reserved 1048576K
}
Event: 9.673 GC heap after
{Heap after GC invocations=9 (full 0):
 garbage-first heap   total 65536K, used 11350K [0x00000000c0000000, 0x0000000100000000)
  region size 1024K, 3 young (3072K), 3 survivors (3072K)
 Metaspace       used 24862K, capacity 25661K, committed 25984K, reserved 1071104K
  class space    used 3002K, capacity 3368K, committed 3456K, reserved 1048576K
}
Event: 10.646 GC heap before
{Heap before GC invocations=9 (full 0):
 garbage-first heap   total 65536K, used 43094K [0x00000000c0000000, 0x0000000100000000)
  region size 1024K, 34 young (34816K), 3 survivors (3072K)
 Metaspace       used 27340K, capacity 28234K, committed 28416K, reserved 1073152K
  class space    used 3381K, capacity 3775K, committed 3840K, reserved 1048576K
}
Event: 10.656 GC heap after
{Heap after GC invocations=10 (full 0):
 garbage-first heap   total 65536K, used 12061K [0x00000000c0000000, 0x0000000100000000)
  region size 1024K, 3 young (3072K), 3 survivors (3072K)
 Metaspace       used 27340K, capacity 28234K, committed 28416K, reserved 1073152K
  class space    used 3381K, capacity 3775K, committed 3840K, reserved 1048576K
}
Event: 12.184 GC heap before
{Heap before GC invocations=10 (full 0):
 garbage-first heap   total 65536K, used 43805K [0x00000000c0000000, 0x0000000100000000)
  region size 1024K, 34 young (34816K), 3 survivors (3072K)
 Metaspace       used 30623K, capacity 31772K, committed 32128K, reserved 1077248K
  class space    used 3881K, capacity 4355K, committed 4480K, reserved 1048576K
}
Event: 12.198 GC heap after
{Heap after GC invocations=11 (full 0):
 garbage-first heap   total 65536K, used 14573K [0x00000000c0000000, 0x0000000100000000)
  region size 1024K, 5 young (5120K), 5 survivors (5120K)
 Metaspace       used 30623K, capacity 31772K, committed 32128K, reserved 1077248K
  class space    used 3881K, capacity 4355K, committed 4480K, reserved 1048576K
}
Event: 15.479 GC heap before
{Heap before GC invocations=11 (full 0):
 garbage-first heap   total 65536K, used 46317K [0x00000000c0000000, 0x0000000100000000)
  region size 1024K, 36 young (36864K), 5 survivors (5120K)
 Metaspace       used 33863K, capacity 35132K, committed 35328K, reserved 1079296K
  class space    used 4278K, capacity 4797K, committed 4864K, reserved 1048576K
}
Event: 15.493 GC heap after
{Heap after GC invocations=12 (full 0):
 garbage-first heap   total 65536K, used 15940K [0x00000000c0000000, 0x0000000100000000)
  region size 1024K, 4 young (4096K), 4 survivors (4096K)
 Metaspace       used 33863K, capacity 35132K, committed 35328K, reserved 1079296K
  class space    used 4278K, capacity 4797K, committed 4864K, reserved 1048576K
}
Event: 15.834 GC heap before
{Heap before GC invocations=12 (full 0):
 garbage-first heap   total 65536K, used 19012K [0x00000000c0000000, 0x0000000100000000)
  region size 1024K, 8 young (8192K), 4 survivors (4096K)
 Metaspace       used 34508K, capacity 35762K, committed 35840K, reserved 1081344K
  class space    used 4338K, capacity 4837K, committed 4864K, reserved 1048576K
}

